[0.065s] DEBUG:colcon:Command line arguments: ['/usr/bin/colcon', 'build']
[0.065s] DEBUG:colcon:Parsed command line arguments: Namespace(log_base=None, log_level=None, verb_name='build', build_base='build', install_base='install', merge_install=False, symlink_install=False, test_result_base=None, continue_on_error=False, executor='parallel', parallel_workers=20, event_handlers=None, ignore_user_meta=False, metas=['./colcon.meta'], base_paths=['.'], packages_ignore=None, packages_ignore_regex=None, paths=None, packages_up_to=None, packages_up_to_regex=None, packages_above=None, packages_above_and_dependencies=None, packages_above_depth=None, packages_select_by_dep=None, packages_skip_by_dep=None, packages_skip_up_to=None, packages_select_build_failed=False, packages_skip_build_finished=False, packages_select_test_failures=False, packages_skip_test_passed=False, packages_select=None, packages_skip=None, packages_select_regex=None, packages_skip_regex=None, packages_start=None, packages_end=None, cmake_args=None, cmake_target=None, cmake_target_skip_unavailable=False, cmake_clean_cache=False, cmake_clean_first=False, cmake_force_configure=False, ament_cmake_args=None, catkin_cmake_args=None, catkin_skip_building_tests=False, mixin_files=None, mixin=None, verb_parser=<colcon_mixin.mixin.mixin_argument.MixinArgumentDecorator object at 0x70f3125d6c20>, verb_extension=<colcon_core.verb.build.BuildVerb object at 0x70f3125d5fc0>, main=<bound method BuildVerb.main of <colcon_core.verb.build.BuildVerb object at 0x70f3125d5fc0>>, mixin_verb=('build',))
[0.121s] Level 1:colcon.colcon_core.package_discovery:discover_packages(colcon_meta) check parameters
[0.122s] INFO:colcon.colcon_metadata.package_discovery.colcon_meta:Using configuration from '/root/.colcon/metadata/default/Gazebo.meta'
[0.122s] INFO:colcon.colcon_metadata.package_discovery.colcon_meta:Using configuration from '/root/.colcon/metadata/default/fastrtps.meta'
[0.122s] Level 1:colcon.colcon_core.package_discovery:discover_packages(recursive) check parameters
[0.122s] Level 1:colcon.colcon_core.package_discovery:discover_packages(ignore) check parameters
[0.122s] Level 1:colcon.colcon_core.package_discovery:discover_packages(path) check parameters
[0.122s] Level 1:colcon.colcon_core.package_discovery:discover_packages(colcon_meta) discover
[0.122s] Level 1:colcon.colcon_core.package_discovery:discover_packages(recursive) discover
[0.122s] INFO:colcon.colcon_core.package_discovery:Crawling recursively for packages in '/home/biguasim/workspace/BiguaSim/client'
[0.122s] Level 1:colcon.colcon_core.package_identification:_identify(.) by extensions ['ignore', 'ignore_ament_install']
[0.122s] Level 1:colcon.colcon_core.package_identification:_identify(.) by extension 'ignore'
[0.122s] Level 1:colcon.colcon_core.package_identification:_identify(.) by extension 'ignore_ament_install'
[0.122s] Level 1:colcon.colcon_core.package_identification:_identify(.) by extensions ['colcon_pkg']
[0.122s] Level 1:colcon.colcon_core.package_identification:_identify(.) by extension 'colcon_pkg'
[0.122s] Level 1:colcon.colcon_core.package_identification:_identify(.) by extensions ['colcon_meta']
[0.122s] Level 1:colcon.colcon_core.package_identification:_identify(.) by extension 'colcon_meta'
[0.122s] Level 1:colcon.colcon_core.package_identification:_identify(.) by extensions ['ros']
[0.122s] Level 1:colcon.colcon_core.package_identification:_identify(.) by extension 'ros'
[0.130s] Level 1:colcon.colcon_core.package_identification:_identify(.) by extensions ['cmake', 'python']
[0.130s] Level 1:colcon.colcon_core.package_identification:_identify(.) by extension 'cmake'
[0.130s] Level 1:colcon.colcon_core.package_identification:_identify(.) by extension 'python'
[0.130s] Level 1:colcon.colcon_core.package_identification:_identify(.) by extensions ['python_setup_py']
[0.130s] Level 1:colcon.colcon_core.package_identification:_identify(.) by extension 'python_setup_py'
[0.236s] DEBUG:colcon.colcon_core.package_identification:Package '.' with type 'python' and name 'biguasim'
[0.236s] Level 1:colcon.colcon_core.package_discovery:discover_packages(recursive) using defaults
[0.236s] Level 1:colcon.colcon_core.package_discovery:discover_packages(ignore) discover
[0.236s] Level 1:colcon.colcon_core.package_discovery:discover_packages(ignore) using defaults
[0.236s] Level 1:colcon.colcon_core.package_discovery:discover_packages(path) discover
[0.236s] Level 1:colcon.colcon_core.package_discovery:discover_packages(path) using defaults
[0.250s] Level 5:colcon.colcon_core.verb:set package 'biguasim' build argument 'cmake_args' from command line to 'None'
[0.250s] Level 5:colcon.colcon_core.verb:set package 'biguasim' build argument 'cmake_target' from command line to 'None'
[0.250s] Level 5:colcon.colcon_core.verb:set package 'biguasim' build argument 'cmake_target_skip_unavailable' from command line to 'False'
[0.250s] Level 5:colcon.colcon_core.verb:set package 'biguasim' build argument 'cmake_clean_cache' from command line to 'False'
[0.250s] Level 5:colcon.colcon_core.verb:set package 'biguasim' build argument 'cmake_clean_first' from command line to 'False'
[0.250s] Level 5:colcon.colcon_core.verb:set package 'biguasim' build argument 'cmake_force_configure' from command line to 'False'
[0.250s] Level 5:colcon.colcon_core.verb:set package 'biguasim' build argument 'ament_cmake_args' from command line to 'None'
[0.250s] Level 5:colcon.colcon_core.verb:set package 'biguasim' build argument 'catkin_cmake_args' from command line to 'None'
[0.250s] Level 5:colcon.colcon_core.verb:set package 'biguasim' build argument 'catkin_skip_building_tests' from command line to 'False'
[0.250s] DEBUG:colcon.colcon_core.verb:Building package 'biguasim' with the following arguments: {'ament_cmake_args': None, 'build_base': '/home/biguasim/workspace/BiguaSim/client/build/biguasim', 'catkin_cmake_args': None, 'catkin_skip_building_tests': False, 'cmake_args': None, 'cmake_clean_cache': False, 'cmake_clean_first': False, 'cmake_force_configure': False, 'cmake_target': None, 'cmake_target_skip_unavailable': False, 'install_base': '/home/biguasim/workspace/BiguaSim/client/install/biguasim', 'merge_install': False, 'path': '/home/biguasim/workspace/BiguaSim/client', 'symlink_install': False, 'test_result_base': None}
[0.250s] INFO:colcon.colcon_core.executor:Executing jobs using 'parallel' executor
[0.251s] DEBUG:colcon.colcon_parallel_executor.executor.parallel:run_until_complete
[0.251s] INFO:colcon.colcon_core.task.python.build:Building Python package in '/home/biguasim/workspace/BiguaSim/client'
[0.252s] INFO:colcon.colcon_core.plugin_system:Skipping extension 'colcon_core.shell.bat': Not used on non-Windows systems
[0.252s] INFO:colcon.colcon_core.shell:Skip shell extension 'powershell' for command environment: Not usable outside of PowerShell
[0.252s] DEBUG:colcon.colcon_core.shell:Skip shell extension 'dsv' for command environment
[0.534s] DEBUG:colcon.colcon_core.event_handler.log_command:Invoking command in '/home/biguasim/workspace/BiguaSim/client': PYTHONPATH=/home/biguasim/workspace/BiguaSim/client/build/biguasim/prefix_override:/usr/lib/python3/dist-packages/colcon_core/task/python/colcon_distutils_commands:/home/biguasim/workspace/BiguaSim/client/install/biguasim/lib/python3.10/site-packages: /usr/bin/python3 -W ignore:setup.py install is deprecated -W ignore:easy_install command is deprecated setup.py egg_info --egg-base build/biguasim build --build-base /home/biguasim/workspace/BiguaSim/client/build/biguasim/build install --record /home/biguasim/workspace/BiguaSim/client/build/biguasim/install.log --single-version-externally-managed
[0.699s] DEBUG:colcon.colcon_core.event_handler.log_command:Invoked command in '/home/biguasim/workspace/BiguaSim/client' returned '0': PYTHONPATH=/home/biguasim/workspace/BiguaSim/client/build/biguasim/prefix_override:/usr/lib/python3/dist-packages/colcon_core/task/python/colcon_distutils_commands:/home/biguasim/workspace/BiguaSim/client/install/biguasim/lib/python3.10/site-packages: /usr/bin/python3 -W ignore:setup.py install is deprecated -W ignore:easy_install command is deprecated setup.py egg_info --egg-base build/biguasim build --build-base /home/biguasim/workspace/BiguaSim/client/build/biguasim/build install --record /home/biguasim/workspace/BiguaSim/client/build/biguasim/install.log --single-version-externally-managed
[0.700s] Level 1:colcon.colcon_core.environment:checking '/home/biguasim/workspace/BiguaSim/client/install/biguasim' for CMake module files
[0.700s] Level 1:colcon.colcon_core.environment:checking '/home/biguasim/workspace/BiguaSim/client/install/biguasim' for CMake config files
[0.701s] Level 1:colcon.colcon_core.environment:checking '/home/biguasim/workspace/BiguaSim/client/install/biguasim/lib'
[0.701s] Level 1:colcon.colcon_core.environment:checking '/home/biguasim/workspace/BiguaSim/client/install/biguasim/bin'
[0.701s] Level 1:colcon.colcon_core.environment:checking '/home/biguasim/workspace/BiguaSim/client/install/biguasim/lib/pkgconfig/biguasim.pc'
[0.701s] Level 1:colcon.colcon_core.environment:checking '/home/biguasim/workspace/BiguaSim/client/install/biguasim/lib/python3.10/site-packages'
[0.701s] Level 1:colcon.colcon_core.shell:create_environment_hook('biguasim', 'pythonpath')
[0.701s] INFO:colcon.colcon_core.shell:Creating environment hook '/home/biguasim/workspace/BiguaSim/client/install/biguasim/share/biguasim/hook/pythonpath.ps1'
[0.702s] INFO:colcon.colcon_core.shell:Creating environment descriptor '/home/biguasim/workspace/BiguaSim/client/install/biguasim/share/biguasim/hook/pythonpath.dsv'
[0.702s] INFO:colcon.colcon_core.shell:Creating environment hook '/home/biguasim/workspace/BiguaSim/client/install/biguasim/share/biguasim/hook/pythonpath.sh'
[0.702s] Level 1:colcon.colcon_core.environment:checking '/home/biguasim/workspace/BiguaSim/client/install/biguasim/bin'
[0.702s] Level 1:colcon.colcon_core.environment:create_environment_scripts_only(biguasim)
[0.703s] INFO:colcon.colcon_core.shell:Creating package script '/home/biguasim/workspace/BiguaSim/client/install/biguasim/share/biguasim/package.ps1'
[0.703s] INFO:colcon.colcon_core.shell:Creating package descriptor '/home/biguasim/workspace/BiguaSim/client/install/biguasim/share/biguasim/package.dsv'
[0.703s] INFO:colcon.colcon_core.shell:Creating package script '/home/biguasim/workspace/BiguaSim/client/install/biguasim/share/biguasim/package.sh'
[0.704s] INFO:colcon.colcon_core.shell:Creating package script '/home/biguasim/workspace/BiguaSim/client/install/biguasim/share/biguasim/package.bash'
[0.704s] INFO:colcon.colcon_core.shell:Creating package script '/home/biguasim/workspace/BiguaSim/client/install/biguasim/share/biguasim/package.zsh'
[0.704s] Level 1:colcon.colcon_core.environment:create_file_with_runtime_dependencies(/home/biguasim/workspace/BiguaSim/client/install/biguasim/share/colcon-core/packages/biguasim)
[0.705s] DEBUG:colcon.colcon_parallel_executor.executor.parallel:closing loop
[0.705s] DEBUG:colcon.colcon_parallel_executor.executor.parallel:loop closed
[0.705s] DEBUG:colcon.colcon_parallel_executor.executor.parallel:run_until_complete finished with '0'
[0.705s] DEBUG:colcon.colcon_core.event_reactor:joining thread
[0.708s] INFO:colcon.colcon_core.plugin_system:Skipping extension 'colcon_notification.desktop_notification.notify_send': Could not find 'notify-send'
[0.708s] INFO:colcon.colcon_core.plugin_system:Skipping extension 'colcon_notification.desktop_notification.terminal_notifier': Not used on non-Darwin systems
[0.708s] INFO:colcon.colcon_core.plugin_system:Skipping extension 'colcon_notification.desktop_notification.win32': Not used on non-Windows systems
[0.708s] INFO:colcon.colcon_notification.desktop_notification:Sending desktop notification using 'notify2'
[0.708s] DEBUG:colcon.colcon_notification.desktop_notification.notify2:Failed to initialize notify2: org.freedesktop.DBus.Error.NotSupported: Unable to autolaunch a dbus-daemon without a $DISPLAY for X11
[0.708s] DEBUG:colcon.colcon_core.event_reactor:joined thread
[0.708s] INFO:colcon.colcon_core.shell:Creating prefix script '/home/biguasim/workspace/BiguaSim/client/install/local_setup.ps1'
[0.709s] INFO:colcon.colcon_core.shell:Creating prefix util module '/home/biguasim/workspace/BiguaSim/client/install/_local_setup_util_ps1.py'
[0.709s] INFO:colcon.colcon_core.shell:Creating prefix chain script '/home/biguasim/workspace/BiguaSim/client/install/setup.ps1'
[0.710s] INFO:colcon.colcon_core.shell:Creating prefix script '/home/biguasim/workspace/BiguaSim/client/install/local_setup.sh'
[0.710s] INFO:colcon.colcon_core.shell:Creating prefix util module '/home/biguasim/workspace/BiguaSim/client/install/_local_setup_util_sh.py'
[0.710s] INFO:colcon.colcon_core.shell:Creating prefix chain script '/home/biguasim/workspace/BiguaSim/client/install/setup.sh'
[0.711s] INFO:colcon.colcon_core.shell:Creating prefix script '/home/biguasim/workspace/BiguaSim/client/install/local_setup.bash'
[0.711s] INFO:colcon.colcon_core.shell:Creating prefix chain script '/home/biguasim/workspace/BiguaSim/client/install/setup.bash'
[0.711s] INFO:colcon.colcon_core.shell:Creating prefix script '/home/biguasim/workspace/BiguaSim/client/install/local_setup.zsh'
[0.712s] INFO:colcon.colcon_core.shell:Creating prefix chain script '/home/biguasim/workspace/BiguaSim/client/install/setup.zsh'
