running egg_info
creating build/biguasim/biguasim.egg-info
writing build/biguasim/biguasim.egg-info/PKG-INFO
writing dependency_links to build/biguasim/biguasim.egg-info/dependency_links.txt
writing requirements to build/biguasim/biguasim.egg-info/requires.txt
writing top-level names to build/biguasim/biguasim.egg-info/top_level.txt
writing manifest file 'build/biguasim/biguasim.egg-info/SOURCES.txt'
reading manifest file 'build/biguasim/biguasim.egg-info/SOURCES.txt'
writing manifest file 'build/biguasim/biguasim.egg-info/SOURCES.txt'
running build
running build_py
creating /home/biguasim/workspace/BiguaSim/client/build/biguasim/build
creating /home/biguasim/workspace/BiguaSim/client/build/biguasim/build/lib
creating /home/biguasim/workspace/BiguaSim/client/build/biguasim/build/lib/biguasim
copying src/biguasim/biguasimclient.py -> /home/biguasim/workspace/BiguaSim/client/build/biguasim/build/lib/biguasim
copying src/biguasim/packagemanager.py -> /home/biguasim/workspace/BiguaSim/client/build/biguasim/build/lib/biguasim
copying src/biguasim/exceptions.py -> /home/biguasim/workspace/BiguaSim/client/build/biguasim/build/lib/biguasim
copying src/biguasim/spaces.py -> /home/biguasim/workspace/BiguaSim/client/build/biguasim/build/lib/biguasim
copying src/biguasim/dynamics.py -> /home/biguasim/workspace/BiguaSim/client/build/biguasim/build/lib/biguasim
copying src/biguasim/__init__.py -> /home/biguasim/workspace/BiguaSim/client/build/biguasim/build/lib/biguasim
copying src/biguasim/util.py -> /home/biguasim/workspace/BiguaSim/client/build/biguasim/build/lib/biguasim
copying src/biguasim/joint_constraints.py -> /home/biguasim/workspace/BiguaSim/client/build/biguasim/build/lib/biguasim
copying src/biguasim/shmem.py -> /home/biguasim/workspace/BiguaSim/client/build/biguasim/build/lib/biguasim
copying src/biguasim/environments.py -> /home/biguasim/workspace/BiguaSim/client/build/biguasim/build/lib/biguasim
copying src/biguasim/weather.py -> /home/biguasim/workspace/BiguaSim/client/build/biguasim/build/lib/biguasim
copying src/biguasim/agents.py -> /home/biguasim/workspace/BiguaSim/client/build/biguasim/build/lib/biguasim
copying src/biguasim/biguasim.py -> /home/biguasim/workspace/BiguaSim/client/build/biguasim/build/lib/biguasim
copying src/biguasim/command.py -> /home/biguasim/workspace/BiguaSim/client/build/biguasim/build/lib/biguasim
copying src/biguasim/sensors.py -> /home/biguasim/workspace/BiguaSim/client/build/biguasim/build/lib/biguasim
creating /home/biguasim/workspace/BiguaSim/client/build/BiguaSim/build/lib/biguasim/lcm
copying src/biguasim/lcm/RotationSensor.py -> /home/biguasim/workspace/BiguaSim/client/build/biguasim/build/lib/biguasim/lcm
copying src/biguasim/lcm/PoseSensor.py -> /home/biguasim/workspace/BiguaSim/client/build/biguasim/build/lib/biguasim/lcm
copying src/biguasim/lcm/LocationSensor.py -> /home/biguasim/workspace/BiguaSim/client/build/biguasim/build/lib/biguasim/lcm
copying src/biguasim/lcm/RangeFinderSensor.py -> /home/biguasim/workspace/BiguaSim/client/build/biguasim/build/lib/biguasim/lcm
copying src/biguasim/lcm/ImagingSonar.py -> /home/biguasim/workspace/BiguaSim/client/build/biguasim/build/lib/biguasim/lcm
copying src/biguasim/lcm/main.py -> /home/biguasim/workspace/BiguaSim/client/build/biguasim/build/lib/biguasim/lcm
copying src/biguasim/lcm/__init__.py -> /home/biguasim/workspace/BiguaSim/client/build/biguasim/build/lib/biguasim/lcm
copying src/biguasim/lcm/IMUSensor.py -> /home/biguasim/workspace/BiguaSim/client/build/biguasim/build/lib/biguasim/lcm
copying src/biguasim/lcm/RGBCamera.py -> /home/biguasim/workspace/BiguaSim/client/build/biguasim/build/lib/biguasim/lcm
copying src/biguasim/lcm/OrientationSensor.py -> /home/biguasim/workspace/BiguaSim/client/build/biguasim/build/lib/biguasim/lcm
copying src/biguasim/lcm/AcousticBeaconSensor.py -> /home/biguasim/workspace/BiguaSim/client/build/biguasim/build/lib/biguasim/lcm
copying src/biguasim/lcm/DVLSensor.py -> /home/biguasim/workspace/BiguaSim/client/build/biguasim/build/lib/biguasim/lcm
copying src/biguasim/lcm/DepthSensor.py -> /home/biguasim/workspace/BiguaSim/client/build/biguasim/build/lib/biguasim/lcm
copying src/biguasim/lcm/GPSSensor.py -> /home/biguasim/workspace/BiguaSim/client/build/biguasim/build/lib/biguasim/lcm
copying src/biguasim/lcm/VelocitySensor.py -> /home/biguasim/workspace/BiguaSim/client/build/biguasim/build/lib/biguasim/lcm
creating /home/biguasim/workspace/BiguaSim/client/build/biguasim/build/lib/BiguaSim/vehicle_dynamics
copying src/biguasim/vehicle_dynamics/torpedo.py -> /home/biguasim/workspace/BiguaSim/client/build/biguasim/build/lib/biguasim/vehicle_dynamics
copying src/biguasim/vehicle_dynamics/__init__.py -> /home/biguasim/workspace/BiguaSim/client/build/biguasim/build/lib/biguasim/vehicle_dynamics
creating /home/biguasim/workspace/BiguaSim/client/build/biguasim/build/lib/BiguaSim/dynamics_controls
copying src/biguasim/dynamics_controls/control.py -> /home/biguasim/workspace/BiguaSim/client/build/biguasim/build/lib/biguasim/dynamics_controls
copying src/biguasim/dynamics_controls/models.py -> /home/biguasim/workspace/BiguaSim/client/build/biguasim/build/lib/biguasim/dynamics_controls
copying src/biguasim/dynamics_controls/__init__.py -> /home/biguasim/workspace/BiguaSim/client/build/biguasim/build/lib/biguasim/dynamics_controls
copying src/biguasim/dynamics_controls/guidance.py -> /home/biguasim/workspace/BiguaSim/client/build/biguasim/build/lib/biguasim/dynamics_controls
copying src/biguasim/dynamics_controls/gnc.py -> /home/biguasim/workspace/BiguaSim/client/build/biguasim/build/lib/biguasim/dynamics_controls
running install
running install_lib
creating /home/biguasim/workspace/BiguaSim/client/install/biguasim/lib/python3.10/site-packages/biguasim
copying /home/biguasim/workspace/BiguaSim/client/build/biguasim/build/lib/biguasim/biguasimclient.py -> /home/biguasim/workspace/BiguaSim/client/install/biguasim/lib/python3.10/site-packages/biguasim
copying /home/biguasim/workspace/BiguaSim/client/build/biguasim/build/lib/biguasim/packagemanager.py -> /home/biguasim/workspace/BiguaSim/client/install/biguasim/lib/python3.10/site-packages/biguasim
copying /home/biguasim/workspace/BiguaSim/client/build/biguasim/build/lib/biguasim/exceptions.py -> /home/biguasim/workspace/BiguaSim/client/install/biguasim/lib/python3.10/site-packages/biguasim
copying /home/biguasim/workspace/BiguaSim/client/build/biguasim/build/lib/biguasim/spaces.py -> /home/biguasim/workspace/BiguaSim/client/install/biguasim/lib/python3.10/site-packages/biguasim
creating /home/biguasim/workspace/BiguaSim/client/install/biguasim/lib/python3.10/site-packages/biguasim/lcm
copying /home/biguasim/workspace/BiguaSim/client/build/biguasim/build/lib/biguasim/lcm/RotationSensor.py -> /home/biguasim/workspace/BiguaSim/client/install/biguasim/lib/python3.10/site-packages/biguasim/lcm
copying /home/biguasim/workspace/BiguaSim/client/build/biguasim/build/lib/biguasim/lcm/PoseSensor.py -> /home/biguasim/workspace/BiguaSim/client/install/biguasim/lib/python3.10/site-packages/biguasim/lcm
copying /home/biguasim/workspace/BiguaSim/client/build/biguasim/build/lib/biguasim/lcm/LocationSensor.py -> /home/biguasim/workspace/BiguaSim/client/install/biguasim/lib/python3.10/site-packages/biguasim/lcm
copying /home/biguasim/workspace/BiguaSim/client/build/biguasim/build/lib/biguasim/lcm/RangeFinderSensor.py -> /home/biguasim/workspace/BiguaSim/client/install/biguasim/lib/python3.10/site-packages/biguasim/lcm
copying /home/biguasim/workspace/BiguaSim/client/build/biguasim/build/lib/biguasim/lcm/ImagingSonar.py -> /home/biguasim/workspace/BiguaSim/client/install/biguasim/lib/python3.10/site-packages/biguasim/lcm
copying /home/biguasim/workspace/BiguaSim/client/build/biguasim/build/lib/biguasim/lcm/main.py -> /home/biguasim/workspace/BiguaSim/client/install/biguasim/lib/python3.10/site-packages/biguasim/lcm
copying /home/biguasim/workspace/BiguaSim/client/build/biguasim/build/lib/biguasim/lcm/__init__.py -> /home/biguasim/workspace/BiguaSim/client/install/biguasim/lib/python3.10/site-packages/biguasim/lcm
copying /home/biguasim/workspace/BiguaSim/client/build/biguasim/build/lib/biguasim/lcm/IMUSensor.py -> /home/biguasim/workspace/BiguaSim/client/install/biguasim/lib/python3.10/site-packages/biguasim/lcm
copying /home/biguasim/workspace/BiguaSim/client/build/biguasim/build/lib/biguasim/lcm/RGBCamera.py -> /home/biguasim/workspace/BiguaSim/client/install/biguasim/lib/python3.10/site-packages/biguasim/lcm
copying /home/biguasim/workspace/BiguaSim/client/build/biguasim/build/lib/biguasim/lcm/OrientationSensor.py -> /home/biguasim/workspace/BiguaSim/client/install/biguasim/lib/python3.10/site-packages/biguasim/lcm
copying /home/biguasim/workspace/BiguaSim/client/build/biguasim/build/lib/biguasim/lcm/AcousticBeaconSensor.py -> /home/biguasim/workspace/BiguaSim/client/install/biguasim/lib/python3.10/site-packages/biguasim/lcm
copying /home/biguasim/workspace/BiguaSim/client/build/biguasim/build/lib/biguasim/lcm/DVLSensor.py -> /home/biguasim/workspace/BiguaSim/client/install/biguasim/lib/python3.10/site-packages/biguasim/lcm
copying /home/biguasim/workspace/BiguaSim/client/build/biguasim/build/lib/biguasim/lcm/DepthSensor.py -> /home/biguasim/workspace/BiguaSim/client/install/biguasim/lib/python3.10/site-packages/biguasim/lcm
copying /home/biguasim/workspace/BiguaSim/client/build/biguasim/build/lib/biguasim/lcm/GPSSensor.py -> /home/biguasim/workspace/BiguaSim/client/install/biguasim/lib/python3.10/site-packages/biguasim/lcm
copying /home/biguasim/workspace/BiguaSim/client/build/biguasim/build/lib/biguasim/lcm/VelocitySensor.py -> /home/biguasim/workspace/BiguaSim/client/install/biguasim/lib/python3.10/site-packages/biguasim/lcm
copying /home/biguasim/workspace/BiguaSim/client/build/biguasim/build/lib/biguasim/dynamics.py -> /home/biguasim/workspace/BiguaSim/client/install/biguasim/lib/python3.10/site-packages/biguasim
copying /home/biguasim/workspace/BiguaSim/client/build/biguasim/build/lib/biguasim/__init__.py -> /home/biguasim/workspace/BiguaSim/client/install/biguasim/lib/python3.10/site-packages/biguasim
copying /home/biguasim/workspace/BiguaSim/client/build/biguasim/build/lib/biguasim/util.py -> /home/biguasim/workspace/BiguaSim/client/install/biguasim/lib/python3.10/site-packages/biguasim
copying /home/biguasim/workspace/BiguaSim/client/build/biguasim/build/lib/biguasim/joint_constraints.py -> /home/biguasim/workspace/BiguaSim/client/install/biguasim/lib/python3.10/site-packages/biguasim
copying /home/biguasim/workspace/BiguaSim/client/build/biguasim/build/lib/biguasim/shmem.py -> /home/biguasim/workspace/BiguaSim/client/install/biguasim/lib/python3.10/site-packages/biguasim
copying /home/biguasim/workspace/BiguaSim/client/build/biguasim/build/lib/biguasim/environments.py -> /home/biguasim/workspace/BiguaSim/client/install/biguasim/lib/python3.10/site-packages/biguasim
creating /home/biguasim/workspace/BiguaSim/client/install/biguasim/lib/python3.10/site-packages/biguasim/vehicle_dynamics
copying /home/biguasim/workspace/BiguaSim/client/build/biguasim/build/lib/biguasim/vehicle_dynamics/torpedo.py -> /home/biguasim/workspace/BiguaSim/client/install/biguasim/lib/python3.10/site-packages/biguasim/vehicle_dynamics
copying /home/biguasim/workspace/BiguaSim/client/build/biguasim/build/lib/biguasim/vehicle_dynamics/__init__.py -> /home/biguasim/workspace/BiguaSim/client/install/biguasim/lib/python3.10/site-packages/biguasim/vehicle_dynamics
copying /home/biguasim/workspace/BiguaSim/client/build/biguasim/build/lib/biguasim/weather.py -> /home/biguasim/workspace/BiguaSim/client/install/biguasim/lib/python3.10/site-packages/biguasim
copying /home/biguasim/workspace/BiguaSim/client/build/biguasim/build/lib/biguasim/agents.py -> /home/biguasim/workspace/BiguaSim/client/install/biguasim/lib/python3.10/site-packages/biguasim
copying /home/biguasim/workspace/BiguaSim/client/build/biguasim/build/lib/biguasim/biguasim.py -> /home/biguasim/workspace/BiguaSim/client/install/biguasim/lib/python3.10/site-packages/biguasim
creating /home/biguasim/workspace/BiguaSim/client/install/biguasim/lib/python3.10/site-packages/biguasim/dynamics_controls
copying /home/biguasim/workspace/BiguaSim/client/build/biguasim/build/lib/biguasim/dynamics_controls/control.py -> /home/biguasim/workspace/BiguaSim/client/install/biguasim/lib/python3.10/site-packages/biguasim/dynamics_controls
copying /home/biguasim/workspace/BiguaSim/client/build/biguasim/build/lib/biguasim/dynamics_controls/models.py -> /home/biguasim/workspace/BiguaSim/client/install/biguasim/lib/python3.10/site-packages/biguasim/dynamics_controls
copying /home/biguasim/workspace/BiguaSim/client/build/biguasim/build/lib/biguasim/dynamics_controls/__init__.py -> /home/biguasim/workspace/BiguaSim/client/install/biguasim/lib/python3.10/site-packages/biguasim/dynamics_controls
copying /home/biguasim/workspace/BiguaSim/client/build/biguasim/build/lib/biguasim/dynamics_controls/guidance.py -> /home/biguasim/workspace/BiguaSim/client/install/biguasim/lib/python3.10/site-packages/biguasim/dynamics_controls
copying /home/biguasim/workspace/BiguaSim/client/build/biguasim/build/lib/biguasim/dynamics_controls/gnc.py -> /home/biguasim/workspace/BiguaSim/client/install/biguasim/lib/python3.10/site-packages/biguasim/dynamics_controls
copying /home/biguasim/workspace/BiguaSim/client/build/biguasim/build/lib/biguasim/command.py -> /home/biguasim/workspace/BiguaSim/client/install/biguasim/lib/python3.10/site-packages/biguasim
copying /home/biguasim/workspace/BiguaSim/client/build/biguasim/build/lib/biguasim/sensors.py -> /home/biguasim/workspace/BiguaSim/client/install/biguasim/lib/python3.10/site-packages/biguasim
byte-compiling /home/biguasim/workspace/BiguaSim/client/install/biguasim/lib/python3.10/site-packages/biguasim/biguasimclient.py to biguasimclient.cpython-310.pyc
byte-compiling /home/biguasim/workspace/BiguaSim/client/install/biguasim/lib/python3.10/site-packages/biguasim/packagemanager.py to packagemanager.cpython-310.pyc
byte-compiling /home/biguasim/workspace/BiguaSim/client/install/biguasim/lib/python3.10/site-packages/biguasim/exceptions.py to exceptions.cpython-310.pyc
byte-compiling /home/biguasim/workspace/BiguaSim/client/install/biguasim/lib/python3.10/site-packages/biguasim/spaces.py to spaces.cpython-310.pyc
byte-compiling /home/biguasim/workspace/BiguaSim/client/install/biguasim/lib/python3.10/site-packages/biguasim/lcm/RotationSensor.py to RotationSensor.cpython-310.pyc
byte-compiling /home/biguasim/workspace/BiguaSim/client/install/biguasim/lib/python3.10/site-packages/biguasim/lcm/PoseSensor.py to PoseSensor.cpython-310.pyc
byte-compiling /home/biguasim/workspace/BiguaSim/client/install/biguasim/lib/python3.10/site-packages/biguasim/lcm/LocationSensor.py to LocationSensor.cpython-310.pyc
byte-compiling /home/biguasim/workspace/BiguaSim/client/install/biguasim/lib/python3.10/site-packages/biguasim/lcm/RangeFinderSensor.py to RangeFinderSensor.cpython-310.pyc
byte-compiling /home/biguasim/workspace/BiguaSim/client/install/biguasim/lib/python3.10/site-packages/biguasim/lcm/ImagingSonar.py to ImagingSonar.cpython-310.pyc
byte-compiling /home/biguasim/workspace/BiguaSim/client/install/biguasim/lib/python3.10/site-packages/biguasim/lcm/main.py to main.cpython-310.pyc
byte-compiling /home/biguasim/workspace/BiguaSim/client/install/biguasim/lib/python3.10/site-packages/biguasim/lcm/__init__.py to __init__.cpython-310.pyc
byte-compiling /home/biguasim/workspace/BiguaSim/client/install/biguasim/lib/python3.10/site-packages/biguasim/lcm/IMUSensor.py to IMUSensor.cpython-310.pyc
byte-compiling /home/biguasim/workspace/BiguaSim/client/install/biguasim/lib/python3.10/site-packages/biguasim/lcm/RGBCamera.py to RGBCamera.cpython-310.pyc
byte-compiling /home/biguasim/workspace/BiguaSim/client/install/biguasim/lib/python3.10/site-packages/biguasim/lcm/OrientationSensor.py to OrientationSensor.cpython-310.pyc
byte-compiling /home/biguasim/workspace/BiguaSim/client/install/biguasim/lib/python3.10/site-packages/biguasim/lcm/AcousticBeaconSensor.py to AcousticBeaconSensor.cpython-310.pyc
byte-compiling /home/biguasim/workspace/BiguaSim/client/install/biguasim/lib/python3.10/site-packages/biguasim/lcm/DVLSensor.py to DVLSensor.cpython-310.pyc
byte-compiling /home/biguasim/workspace/BiguaSim/client/install/biguasim/lib/python3.10/site-packages/biguasim/lcm/DepthSensor.py to DepthSensor.cpython-310.pyc
byte-compiling /home/biguasim/workspace/BiguaSim/client/install/biguasim/lib/python3.10/site-packages/biguasim/lcm/GPSSensor.py to GPSSensor.cpython-310.pyc
byte-compiling /home/biguasim/workspace/BiguaSim/client/install/biguasim/lib/python3.10/site-packages/biguasim/lcm/VelocitySensor.py to VelocitySensor.cpython-310.pyc
byte-compiling /home/biguasim/workspace/BiguaSim/client/install/biguasim/lib/python3.10/site-packages/biguasim/dynamics.py to dynamics.cpython-310.pyc
byte-compiling /home/biguasim/workspace/BiguaSim/client/install/biguasim/lib/python3.10/site-packages/biguasim/__init__.py to __init__.cpython-310.pyc
byte-compiling /home/biguasim/workspace/BiguaSim/client/install/biguasim/lib/python3.10/site-packages/biguasim/util.py to util.cpython-310.pyc
byte-compiling /home/biguasim/workspace/BiguaSim/client/install/biguasim/lib/python3.10/site-packages/biguasim/joint_constraints.py to joint_constraints.cpython-310.pyc
byte-compiling /home/biguasim/workspace/BiguaSim/client/install/biguasim/lib/python3.10/site-packages/biguasim/shmem.py to shmem.cpython-310.pyc
byte-compiling /home/biguasim/workspace/BiguaSim/client/install/biguasim/lib/python3.10/site-packages/biguasim/environments.py to environments.cpython-310.pyc
byte-compiling /home/biguasim/workspace/BiguaSim/client/install/biguasim/lib/python3.10/site-packages/biguasim/vehicle_dynamics/torpedo.py to torpedo.cpython-310.pyc
byte-compiling /home/biguasim/workspace/BiguaSim/client/install/biguasim/lib/python3.10/site-packages/biguasim/vehicle_dynamics/__init__.py to __init__.cpython-310.pyc
byte-compiling /home/biguasim/workspace/BiguaSim/client/install/biguasim/lib/python3.10/site-packages/biguasim/weather.py to weather.cpython-310.pyc
byte-compiling /home/biguasim/workspace/BiguaSim/client/install/biguasim/lib/python3.10/site-packages/biguasim/agents.py to agents.cpython-310.pyc
byte-compiling /home/biguasim/workspace/BiguaSim/client/install/biguasim/lib/python3.10/site-packages/biguasim/biguasim.py to biguasim.cpython-310.pyc
byte-compiling /home/biguasim/workspace/BiguaSim/client/install/biguasim/lib/python3.10/site-packages/biguasim/dynamics_controls/control.py to control.cpython-310.pyc
byte-compiling /home/biguasim/workspace/BiguaSim/client/install/biguasim/lib/python3.10/site-packages/biguasim/dynamics_controls/models.py to models.cpython-310.pyc
byte-compiling /home/biguasim/workspace/BiguaSim/client/install/biguasim/lib/python3.10/site-packages/biguasim/dynamics_controls/__init__.py to __init__.cpython-310.pyc
byte-compiling /home/biguasim/workspace/BiguaSim/client/install/biguasim/lib/python3.10/site-packages/biguasim/dynamics_controls/guidance.py to guidance.cpython-310.pyc
byte-compiling /home/biguasim/workspace/BiguaSim/client/install/biguasim/lib/python3.10/site-packages/biguasim/dynamics_controls/gnc.py to gnc.cpython-310.pyc
byte-compiling /home/biguasim/workspace/BiguaSim/client/install/biguasim/lib/python3.10/site-packages/biguasim/command.py to command.cpython-310.pyc
byte-compiling /home/biguasim/workspace/BiguaSim/client/install/biguasim/lib/python3.10/site-packages/biguasim/sensors.py to sensors.cpython-310.pyc
running install_egg_info
Copying build/biguasim/biguasim.egg-info to /home/biguasim/workspace/BiguaSim/client/install/biguasim/lib/python3.10/site-packages/biguasim-1.0.0-py3.10.egg-info
running install_scripts
writing list of installed files to '/home/biguasim/workspace/BiguaSim/client/build/biguasim/install.log'
